c:\users\screa\source\repos\cs 499 enhancement 1\x64\debug\vc143.pdb
c:\users\screa\source\repos\cs 499 enhancement 1\x64\debug\act_test.obj
c:\users\screa\source\repos\cs 499 enhancement 1\x64\debug\act.obj
c:\users\screa\source\repos\cs 499 enhancement 1\x64\debug\cs 499 enhancement 1.pch
c:\users\screa\source\repos\cs 499 enhancement 1\x64\debug\pch.obj
c:\users\screa\source\repos\cs 499 enhancement 1\x64\debug\actservice_test.obj
c:\users\screa\source\repos\cs 499 enhancement 1\x64\debug\actservice.obj
c:\users\screa\source\repos\cs 499 enhancement 1\x64\debug\gtest.pdb
c:\users\screa\source\repos\cs 499 enhancement 1\x64\debug\gtest_main.pdb
c:\users\screa\source\repos\cs 499 enhancement 1\x64\debug\cs 499 enhancement 1.pdb
c:\users\screa\source\repos\cs 499 enhancement 1\x64\debug\cs 499 e.96abd5fb.tlog\cl.command.1.tlog
c:\users\screa\source\repos\cs 499 enhancement 1\x64\debug\cs 499 e.96abd5fb.tlog\cl.items.tlog
c:\users\screa\source\repos\cs 499 enhancement 1\x64\debug\cs 499 e.96abd5fb.tlog\cl.read.1.tlog
c:\users\screa\source\repos\cs 499 enhancement 1\x64\debug\cs 499 e.96abd5fb.tlog\cl.write.1.tlog
c:\users\screa\source\repos\cs 499 enhancement 1\x64\debug\cs 499 e.96abd5fb.tlog\copylocal.read.1u.tlog
c:\users\screa\source\repos\cs 499 enhancement 1\x64\debug\cs 499 e.96abd5fb.tlog\copylocal.write.1u.tlog
c:\users\screa\source\repos\cs 499 enhancement 1\x64\debug\cs 499 e.96abd5fb.tlog\link-cvtres.read.1.tlog
c:\users\screa\source\repos\cs 499 enhancement 1\x64\debug\cs 499 e.96abd5fb.tlog\link-cvtres.write.1.tlog
c:\users\screa\source\repos\cs 499 enhancement 1\x64\debug\cs 499 e.96abd5fb.tlog\link-rc.read.1.tlog
c:\users\screa\source\repos\cs 499 enhancement 1\x64\debug\cs 499 e.96abd5fb.tlog\link-rc.write.1.tlog
c:\users\screa\source\repos\cs 499 enhancement 1\x64\debug\cs 499 e.96abd5fb.tlog\link.21484-cvtres.read.1.tlog
c:\users\screa\source\repos\cs 499 enhancement 1\x64\debug\cs 499 e.96abd5fb.tlog\link.21484-cvtres.write.1.tlog
c:\users\screa\source\repos\cs 499 enhancement 1\x64\debug\cs 499 e.96abd5fb.tlog\link.21484-rc.read.1.tlog
c:\users\screa\source\repos\cs 499 enhancement 1\x64\debug\cs 499 e.96abd5fb.tlog\link.21484-rc.write.1.tlog
c:\users\screa\source\repos\cs 499 enhancement 1\x64\debug\cs 499 e.96abd5fb.tlog\link.21484.read.1.tlog
c:\users\screa\source\repos\cs 499 enhancement 1\x64\debug\cs 499 e.96abd5fb.tlog\link.21484.read.2.tlog
c:\users\screa\source\repos\cs 499 enhancement 1\x64\debug\cs 499 e.96abd5fb.tlog\link.21484.write.1.tlog
c:\users\screa\source\repos\cs 499 enhancement 1\x64\debug\cs 499 e.96abd5fb.tlog\link.command.1.tlog
c:\users\screa\source\repos\cs 499 enhancement 1\x64\debug\cs 499 e.96abd5fb.tlog\link.read.1.tlog
c:\users\screa\source\repos\cs 499 enhancement 1\x64\debug\cs 499 e.96abd5fb.tlog\link.read.2.tlog
c:\users\screa\source\repos\cs 499 enhancement 1\x64\debug\cs 499 e.96abd5fb.tlog\link.write.1.tlog
